This is pdfTeX, Version 3.1415926-2.3-1.40.12 (MiKTeX 2.9 64-bit) (preloaded format=pdflatex 2017.12.22)  26 NOV 2018 13:14
entering extended mode
**Hossam_Kasem_Updated_CV.tex
("F:\My Papers\2-Computer track\1-CV\Hossam_Kasem_Updated_CV.tex"
LaTeX2e <2011/06/27>
Babel <v3.8m> and hyphenation patterns for english, afrikaans, ancientgreek, ar
abic, armenian, assamese, basque, bengali, bokmal, bulgarian, catalan, coptic, 
croatian, czech, danish, dutch, esperanto, estonian, farsi, finnish, french, ga
lician, german, german-x-2009-06-19, greek, gujarati, hindi, hungarian, iceland
ic, indonesian, interlingua, irish, italian, kannada, kurmanji, lao, latin, lat
vian, lithuanian, malayalam, marathi, mongolian, mongolianlmc, monogreek, ngerm
an, ngerman-x-2009-06-19, nynorsk, oriya, panjabi, pinyin, polish, portuguese, 
romanian, russian, sanskrit, serbian, slovak, slovenian, spanish, swedish, swis
sgerman, tamil, telugu, turkish, turkmen, ukenglish, ukrainian, uppersorbian, u
senglishmax, welsh, loaded.
("C:\Program Files\MiKTeX 2.9\tex\latex\base\article.cls"
Document Class: article 2007/10/19 v1.4h Standard LaTeX document class
("C:\Program Files\MiKTeX 2.9\tex\latex\base\size10.clo"
File: size10.clo 2007/10/19 v1.4h Standard LaTeX file (size option)
)
\c@part=\count79
\c@section=\count80
\c@subsection=\count81
\c@subsubsection=\count82
\c@paragraph=\count83
\c@subparagraph=\count84
\c@figure=\count85
\c@table=\count86
\abovecaptionskip=\skip41
\belowcaptionskip=\skip42
\bibindent=\dimen102
)
("C:\Program Files\MiKTeX 2.9\tex\latex\tools\calc.sty"
Package: calc 2007/08/22 v4.3 Infix arithmetic (KKT,FJ)
\calc@Acount=\count87
\calc@Bcount=\count88
\calc@Adimen=\dimen103
\calc@Bdimen=\dimen104
\calc@Askip=\skip43
\calc@Bskip=\skip44
LaTeX Info: Redefining \setlength on input line 76.
LaTeX Info: Redefining \addtolength on input line 77.
\calc@Ccount=\count89
\calc@Cskip=\skip45
)
("C:\Program Files\MiKTeX 2.9\tex\latex\comment\comment.sty"
\CommentStream=\write3

Excluding comment 'comment')
\bibhang=\skip46
\bibsep=\skip47

("C:\Program Files\MiKTeX 2.9\tex\latex\geometry\geometry.sty"
Package: geometry 2010/09/12 v5.6 Page Geometry

("C:\Program Files\MiKTeX 2.9\tex\latex\graphics\keyval.sty"
Package: keyval 1999/03/16 v1.13 key=value parser (DPC)
\KV@toks@=\toks14
)
("C:\Program Files\MiKTeX 2.9\tex\generic\oberdiek\ifpdf.sty"
Package: ifpdf 2011/01/30 v2.3 Provides the ifpdf switch (HO)
Package ifpdf Info: pdfTeX in PDF mode is detected.
)
("C:\Program Files\MiKTeX 2.9\tex\generic\oberdiek\ifvtex.sty"
Package: ifvtex 2010/03/01 v1.5 Detect VTeX and its facilities (HO)
Package ifvtex Info: VTeX not detected.
)
("C:\Program Files\MiKTeX 2.9\tex\generic\ifxetex\ifxetex.sty"
Package: ifxetex 2010/09/12 v0.6 Provides ifxetex conditional
)
\Gm@cnth=\count90
\Gm@cntv=\count91
\c@Gm@tempcnt=\count92
\Gm@bindingoffset=\dimen105
\Gm@wd@mp=\dimen106
\Gm@odd@mp=\dimen107
\Gm@even@mp=\dimen108
\Gm@layoutwidth=\dimen109
\Gm@layoutheight=\dimen110
\Gm@layouthoffset=\dimen111
\Gm@layoutvoffset=\dimen112
\Gm@dimlist=\toks15

("C:\Program Files\MiKTeX 2.9\tex\latex\geometry\geometry.cfg"))
("C:\Program Files\MiKTeX 2.9\tex\latex\enumitem\enumitem.sty"
Package: enumitem 2011/09/28 v3.5.2 Customized lists
\labelindent=\skip48
\enit@outerparindent=\dimen113
\enit@toks=\toks16
\enit@inbox=\box26
\enitdp@description=\count93
)
("C:\Program Files\MiKTeX 2.9\tex\latex\fancyhdr\fancyhdr.sty"
\fancy@headwidth=\skip49
\f@ncyO@elh=\skip50
\f@ncyO@erh=\skip51
\f@ncyO@olh=\skip52
\f@ncyO@orh=\skip53
\f@ncyO@elf=\skip54
\f@ncyO@erf=\skip55
\f@ncyO@olf=\skip56
\f@ncyO@orf=\skip57
)
("C:\Program Files\MiKTeX 2.9\tex\latex\lastpage\lastpage.sty"
Package: lastpage 2011/09/01 v1.2k Refers to last page's name (HMM; JPG)
)
\footpageshift=\skip58

("C:\Program Files\MiKTeX 2.9\tex\latex\graphics\color.sty"
Package: color 2005/11/14 v1.0j Standard LaTeX Color (DPC)

("C:\Program Files\MiKTeX 2.9\tex\latex\00miktex\color.cfg"
File: color.cfg 2007/01/18 v1.5 color configuration of teTeX/TeXLive
)
Package color Info: Driver file: pdftex.def on input line 130.

("C:\Program Files\MiKTeX 2.9\tex\latex\pdftex-def\pdftex.def"
File: pdftex.def 2011/05/27 v0.06d Graphics/color for pdfTeX

("C:\Program Files\MiKTeX 2.9\tex\generic\oberdiek\infwarerr.sty"
Package: infwarerr 2010/04/08 v1.3 Providing info/warning/error messages (HO)
)
("C:\Program Files\MiKTeX 2.9\tex\generic\oberdiek\ltxcmds.sty"
Package: ltxcmds 2011/11/09 v1.22 LaTeX kernel commands for general use (HO)
)
\Gread@gobject=\count94
))
("C:\Program Files\MiKTeX 2.9\tex\latex\hyperref\hyperref.sty"
Package: hyperref 2012/05/13 v6.82q Hypertext links for LaTeX

("C:\Program Files\MiKTeX 2.9\tex\generic\oberdiek\hobsub-hyperref.sty"
Package: hobsub-hyperref 2012/04/25 v1.12 Bundle oberdiek, subset hyperref (HO)


("C:\Program Files\MiKTeX 2.9\tex\generic\oberdiek\hobsub-generic.sty"
Package: hobsub-generic 2012/04/25 v1.12 Bundle oberdiek, subset generic (HO)
Package: hobsub 2012/04/25 v1.12 Construct package bundles (HO)
Package hobsub Info: Skipping package `infwarerr' (already loaded).
Package hobsub Info: Skipping package `ltxcmds' (already loaded).
Package: ifluatex 2010/03/01 v1.3 Provides the ifluatex switch (HO)
Package ifluatex Info: LuaTeX not detected.
Package hobsub Info: Skipping package `ifvtex' (already loaded).
Package: intcalc 2007/09/27 v1.1 Expandable calculations with integers (HO)
Package hobsub Info: Skipping package `ifpdf' (already loaded).
Package: etexcmds 2011/02/16 v1.5 Avoid name clashes with e-TeX commands (HO)
Package etexcmds Info: Could not find \expanded.
(etexcmds)             That can mean that you are not using pdfTeX 1.50 or
(etexcmds)             that some package has redefined \expanded.
(etexcmds)             In the latter case, load this package earlier.
Package: kvsetkeys 2012/04/25 v1.16 Key value parser (HO)
Package: kvdefinekeys 2011/04/07 v1.3 Define keys (HO)
Package: pdftexcmds 2011/11/29 v0.20 Utility functions of pdfTeX for LuaTeX (HO
)
Package pdftexcmds Info: LuaTeX not detected.
Package pdftexcmds Info: \pdf@primitive is available.
Package pdftexcmds Info: \pdf@ifprimitive is available.
Package pdftexcmds Info: \pdfdraftmode found.
Package: pdfescape 2011/11/25 v1.13 Implements pdfTeX's escape features (HO)
Package: bigintcalc 2012/04/08 v1.3 Expandable calculations on big integers (HO
)
Package: bitset 2011/01/30 v1.1 Handle bit-vector datatype (HO)
Package: uniquecounter 2011/01/30 v1.2 Provide unlimited unique counter (HO)
)
Package hobsub Info: Skipping package `hobsub' (already loaded).
Package: letltxmacro 2010/09/02 v1.4 Let assignment for LaTeX macros (HO)
Package: hopatch 2011/06/24 v1.1 Wrapper for package hooks (HO)
Package: xcolor-patch 2011/01/30 xcolor patch
Package: atveryend 2011/06/30 v1.8 Hooks at the very end of document (HO)
Package atveryend Info: \enddocument detected (standard20110627).
Package: atbegshi 2011/10/05 v1.16 At begin shipout hook (HO)
Package: refcount 2011/10/16 v3.4 Data extraction from label references (HO)
Package: hycolor 2011/01/30 v1.7 Color options for hyperref/bookmark (HO)
)
("C:\Program Files\MiKTeX 2.9\tex\latex\oberdiek\kvoptions.sty"
Package: kvoptions 2011/06/30 v3.11 Key value format for package options (HO)
)
\@linkdim=\dimen114
\Hy@linkcounter=\count95
\Hy@pagecounter=\count96

("C:\Program Files\MiKTeX 2.9\tex\latex\hyperref\pd1enc.def"
File: pd1enc.def 2012/05/13 v6.82q Hyperref: PDFDocEncoding definition (HO)
)
\Hy@SavedSpaceFactor=\count97

("C:\Program Files\MiKTeX 2.9\tex\latex\00miktex\hyperref.cfg"
File: hyperref.cfg 2002/06/06 v1.2 hyperref configuration of TeXLive
)
Package hyperref Info: Hyper figures OFF on input line 4062.
Package hyperref Info: Link nesting OFF on input line 4067.
Package hyperref Info: Hyper index ON on input line 4070.
Package hyperref Info: Plain pages OFF on input line 4077.
Package hyperref Info: Backreferencing OFF on input line 4082.
Package hyperref Info: Implicit mode ON; LaTeX internals redefined.
Package hyperref Info: Bookmarks ON on input line 4300.
\c@Hy@tempcnt=\count98

("C:\Program Files\MiKTeX 2.9\tex\latex\ltxmisc\url.sty"
\Urlmuskip=\muskip10
Package: url 2006/04/12  ver 3.3  Verb mode for urls, etc.
)
LaTeX Info: Redefining \url on input line 4653.
\Fld@menulength=\count99
\Field@Width=\dimen115
\Fld@charsize=\dimen116
Package hyperref Info: Hyper figures OFF on input line 5773.
Package hyperref Info: Link nesting OFF on input line 5778.
Package hyperref Info: Hyper index ON on input line 5781.
Package hyperref Info: backreferencing OFF on input line 5788.
Package hyperref Info: Link coloring OFF on input line 5793.
Package hyperref Info: Link coloring with OCG OFF on input line 5798.
Package hyperref Info: PDF/A mode OFF on input line 5803.
LaTeX Info: Redefining \ref on input line 5843.
LaTeX Info: Redefining \pageref on input line 5847.
\Hy@abspage=\count100
\c@Item=\count101
\c@Hfootnote=\count102
)

Package hyperref Message: Driver (autodetected): hpdftex.

("C:\Program Files\MiKTeX 2.9\tex\latex\hyperref\hpdftex.def"
File: hpdftex.def 2012/05/13 v6.82q Hyperref driver for pdfTeX
\Fld@listcount=\count103
\c@bookmark@seq@number=\count104

("C:\Program Files\MiKTeX 2.9\tex\latex\oberdiek\rerunfilecheck.sty"
Package: rerunfilecheck 2011/04/15 v1.7 Rerun checks for auxiliary files (HO)
Package uniquecounter Info: New unique counter `rerunfilecheck' on input line 2
82.
)
\Hy@SectionHShift=\skip59
)
Package hyperref Info: Option `colorlinks' set `true' on input line 129.
Package hyperref Info: Option `breaklinks' set `true' on input line 129.

("C:\Program Files\MiKTeX 2.9\tex\latex\graphics\graphicx.sty"
Package: graphicx 1999/02/16 v1.0f Enhanced LaTeX Graphics (DPC,SPQR)

("C:\Program Files\MiKTeX 2.9\tex\latex\graphics\graphics.sty"
Package: graphics 2009/02/05 v1.0o Standard LaTeX Graphics (DPC,SPQR)

("C:\Program Files\MiKTeX 2.9\tex\latex\graphics\trig.sty"
Package: trig 1999/03/16 v1.09 sin cos tan (DPC)
)
("C:\Program Files\MiKTeX 2.9\tex\latex\00miktex\graphics.cfg"
File: graphics.cfg 2007/01/18 v1.5 graphics configuration of teTeX/TeXLive
)
Package graphics Info: Driver file: pdftex.def on input line 91.
)
\Gin@req@height=\dimen117
\Gin@req@width=\dimen118
)
("C:\Program Files\MiKTeX 2.9\tex\latex\multirow\multirow.sty"
\bigstrutjot=\dimen119
)
("F:\My Papers\2-Computer track\1-CV\Hossam_Kasem_Updated_CV.aux")
LaTeX Font Info:    Checking defaults for OML/cmm/m/it on input line 232.
LaTeX Font Info:    ... okay on input line 232.
LaTeX Font Info:    Checking defaults for T1/cmr/m/n on input line 232.
LaTeX Font Info:    ... okay on input line 232.
LaTeX Font Info:    Checking defaults for OT1/cmr/m/n on input line 232.
LaTeX Font Info:    ... okay on input line 232.
LaTeX Font Info:    Checking defaults for OMS/cmsy/m/n on input line 232.
LaTeX Font Info:    ... okay on input line 232.
LaTeX Font Info:    Checking defaults for OMX/cmex/m/n on input line 232.
LaTeX Font Info:    ... okay on input line 232.
LaTeX Font Info:    Checking defaults for U/cmr/m/n on input line 232.
LaTeX Font Info:    ... okay on input line 232.
LaTeX Font Info:    Checking defaults for PD1/pdf/m/n on input line 232.
LaTeX Font Info:    ... okay on input line 232.

*geometry* driver: auto-detecting
*geometry* detected driver: pdftex
*geometry* verbose mode - [ preamble ] result:
* driver: pdftex
* paper: letterpaper
* layout: <same size as paper>
* layoutoffset:(h,v)=(0.0pt,0.0pt)
* modes: includemp 
* h-part:(L,W,R)=(72.26999pt, 469.75502pt, 72.26999pt)
* v-part:(T,H,B)=(72.26999pt, 650.43001pt, 72.26999pt)
* \paperwidth=614.295pt
* \paperheight=794.96999pt
* \textwidth=379.41754pt
* \textheight=650.43001pt
* \oddsidemargin=90.33748pt
* \evensidemargin=90.33748pt
* \topmargin=-37.0pt
* \headheight=12.0pt
* \headsep=25.0pt
* \topskip=10.0pt
* \footskip=30.0pt
* \marginparwidth=86.72377pt
* \marginparsep=3.61371pt
* \columnsep=10.0pt
* \skip\footins=9.0pt plus 4.0pt minus 2.0pt
* \hoffset=0.0pt
* \voffset=0.0pt
* \mag=1000
* \@twocolumnfalse
* \@twosidefalse
* \@mparswitchfalse
* \@reversemargintrue
* (1in=72.27pt=25.4mm, 1cm=28.453pt)

Package lastpage Info: Please have a look at the pageslts package at
(lastpage)             http://www.ctan.org/tex-archive/ 
(lastpage)             macros/latex/contrib/pageslts/ 
(lastpage)             or
(lastpage)             http://www.ctan.org/tex-archive/ 
(lastpage)             install/macros/latex/contrib/pageslts.tds.zip
(lastpage)             ! on input line 232.
("C:\Program Files\MiKTeX 2.9\tex\context\base\supp-pdf.mkii"
[Loading MPS to PDF converter (version 2006.09.02).]
\scratchcounter=\count105
\scratchdimen=\dimen120
\scratchbox=\box27
\nofMPsegments=\count106
\nofMParguments=\count107
\everyMPshowfont=\toks17
\MPscratchCnt=\count108
\MPscratchDim=\dimen121
\MPnumerator=\count109
\makeMPintoPDFobject=\count110
\everyMPtoPDFconversion=\toks18
)
\AtBeginShipoutBox=\box28
Package hyperref Info: Link coloring ON on input line 232.
 ("C:\Program Files\MiKTeX 2.9\tex\latex\hyperref\nameref.sty"
Package: nameref 2010/04/30 v2.40 Cross-referencing by name of section

("C:\Program Files\MiKTeX 2.9\tex\generic\oberdiek\gettitlestring.sty"
Package: gettitlestring 2010/12/03 v1.4 Cleanup title references (HO)
)
\c@section@level=\count111
)
LaTeX Info: Redefining \ref on input line 232.
LaTeX Info: Redefining \pageref on input line 232.
LaTeX Info: Redefining \nameref on input line 232.

("F:\My Papers\2-Computer track\1-CV\Hossam_Kasem_Updated_CV.out")
("F:\My Papers\2-Computer track\1-CV\Hossam_Kasem_Updated_CV.out")
\@outlinefile=\write4
\rcollength=\skip60
LaTeX Font Info:    External font `cmex10' loaded for size
(Font)              <7> on input line 245.
LaTeX Font Info:    External font `cmex10' loaded for size
(Font)              <5> on input line 245.

<photo.jpg, id=56, 481.8pt x 481.8pt>
File: photo.jpg Graphic file (type jpg)
 <use photo.jpg>
Package pdftex.def Info: photo.jpg used on input line 246.
(pdftex.def)             Requested size: 72.09026pt x 72.09044pt.

Overfull \hbox (18.0pt too wide) in paragraph at lines 245--258
[][] 
 []


Overfull \hbox (4.324pt too wide) in paragraph at lines 263--264
[]\OT1/cmr/m/n/10 Machine Learn-ing ap-pli-ca-tion in Dig-i-tal Mul-ti-me-dia a
nal-y-sis. Deep Learn-ing ap-pli-ca-tions
 []


Overfull \hbox (2.03697pt too wide) in paragraph at lines 263--264
\OT1/cmr/m/n/10 for im-age Su-per res-o-lu-tion. Deep Learn-ing ap-pli-ca-tion 
for Med-i-cal imag-ing. Ap-pli-ca-tions
 []


Underfull \hbox (badness 10000) in paragraph at lines 263--264

 []

LaTeX Font Info:    Try loading font information for OMS+cmr on input line 276.

("C:\Program Files\MiKTeX 2.9\tex\latex\base\omscmr.fd"
File: omscmr.fd 1999/05/25 v2.5h Standard LaTeX font definitions
)
LaTeX Font Info:    Font shape `OMS/cmr/m/n' in size <10> not available
(Font)              Font shape `OMS/cmsy/m/n' tried instead on input line 276.

Overfull \hbox (3.41655pt too wide) in paragraph at lines 277--281
[]\OT1/cmr/m/n/10 Ph.D., School of Elec-tron-ics, Com-mu-ni-ca-tions and Com-pu
ter En-gi-neer-ing, Septem-ber
 []

Missing character: There is no Ÿ in font cmr10!
Missing character: There is no è in font cmr10!

Overfull \hbox (43.30551pt too wide) in paragraph at lines 316--317
[]\OT1/cmr/m/n/10 Cumulative Grade:Distinction with Honor(Percentage : 83.57%, 
Equiv-a-lent GPA:3.71/4.0).
 []


Underfull \hbox (badness 10000) in paragraph at lines 324--326

 []


Underfull \hbox (badness 10000) in paragraph at lines 326--331

 []

[1

{C:/ProgramData/MiKTeX/2.9/pdftex/config/pdftex.map} <F:/My Papers/2-Computer t
rack/1-CV/photo.jpg>]
Overfull \hbox (4.65623pt too wide) in paragraph at lines 373--374
[]\OT1/cmr/m/n/10 Jianmin Jiang, \OT1/cmr/bx/n/10 Hos-sam Kasem\OT1/cmr/m/n/10 
, Kwok-Wai Hung ,\Ro-bust and Spatial-Transformed
 []


Overfull \hbox (11.64952pt too wide) in paragraph at lines 375--376
\OT1/cmr/m/n/10 tech-nique base on en-ergy de-tec-tor com-pres-sive sens-ing an
d de-noising tech-niques,"\OT1/cmr/m/it/10 IEEE
 []


Overfull \hbox (11.76505pt too wide) in paragraph at lines 378--379
\OT1/cmr/m/n/10 Super-resolution via a Deep Spa-tial Trans-form," \OT1/cmr/m/it
/10 In-ter-na-tional Con-fer-ence on Acous-tics,
 []


Overfull \hbox (44.58263pt too wide) in paragraph at lines 387--388
\OT1/cmr/m/n/10 tech-nique base on en-ergy de-tec-tor com-pres-sive sens-ing an
d de-noising tech-niques,"\OT1/cmr/m/it/10 International
 []


Overfull \hbox (1.4479pt too wide) in paragraph at lines 417--418
\OT1/cmr/m/n/10 Us-ing Spa-tial Trans-form Net-work " \OT1/cmr/m/it/10 In-ter-n
a-tional Con-fer-ence on Pat-tern Recog-ni-tion,
 []


Underfull \hbox (badness 10000) in paragraph at lines 417--418

 []


Overfull \hbox (15.32277pt too wide) in paragraph at lines 420--421
[]\OT1/cmr/bx/n/10 Hossam M. Kasem\OT1/cmr/m/n/10 , Mo-hamed Al-Nahhal, Taw-fik
 Is-mail and Mo-hamed E. Nasr,\FSO-
 []


Overfull \hbox (29.05322pt too wide) in paragraph at lines 420--421
\OT1/cmr/m/n/10 SIMO Sys-tem with SIM-DPSK over Log-normal At-mo-spheric Tur-bu
-lence and Mis-align-ment
 []


Underfull \hbox (badness 10000) in paragraph at lines 420--421

 []


Overfull \hbox (22.01724pt too wide) in paragraph at lines 423--425
[]\OT1/cmr/bx/n/10 Hossam M. Kasem\OT1/cmr/m/n/10 , Os-amu Muta, Maha Elsabrout
y and Hi-roshi Frukawa,\Performance
 []


Underfull \hbox (badness 10000) in paragraph at lines 423--425

 []


Overfull \hbox (12.10057pt too wide) in paragraph at lines 426--427
[]\OT1/cmr/bx/n/10 Hossam M. Kasem\OT1/cmr/m/n/10 , Os-amu Muta, Maha Elsabrout
y and Hi-roshi Frukawa,\Quantized
 []


Underfull \hbox (badness 10000) in paragraph at lines 426--427

 []

[2]
Overfull \hbox (23.3991pt too wide) in paragraph at lines 428--430
\OT1/cmr/m/n/10 Sens-ing with Per-cep-tual Com-pressed Sens-ing for Au-dio Com-
pres-sion," \OT1/cmr/m/it/10 Third In-ter-na-tional
 []


Underfull \hbox (badness 10000) in paragraph at lines 428--430

 []


Overfull \hbox (17.7488pt too wide) in paragraph at lines 432--433
\OT1/cmr/m/n/10 ,\Frac-tional K-best Sphere De-cod-ing Al-go-rithm Over Rayleig
h Fad-ing MIMO Chan-nels,"
 []


Underfull \hbox (badness 10000) in paragraph at lines 432--433

 []


Overfull \hbox (5.01616pt too wide) in paragraph at lines 434--436
[]\OT1/cmr/bx/n/10 Hossam M.Kasem\OT1/cmr/m/n/10 ,Maha El-Sabrouty,\A Com-par-a
-tive Study of Au-dio Com-pres-sion
 []


Overfull \hbox (10.08313pt too wide) in paragraph at lines 434--436
\OT1/cmr/m/n/10 Based on Com-pressed Sens-ing and Sparse Fast Fourier Trans-for
m (SFFT): Per-for-mance
 []


Underfull \hbox (badness 10000) in paragraph at lines 434--436

 []


Underfull \hbox (badness 10000) in paragraph at lines 439--441

 []


Overfull \hbox (26.1105pt too wide) in paragraph at lines 443--445
\OT1/cmr/m/n/10 Ef-fi-cient Im-age En-cryp-tion Tech-nique Based on Arnold and 
Idea Al-go-rithms,"\OT1/cmr/m/it/10 International
 []


Underfull \hbox (badness 10000) in paragraph at lines 443--445

 []


Overfull \hbox (9.01265pt too wide) in paragraph at lines 446--447
[]\OT1/cmr/bx/n/10 Hossam M Kasem\OT1/cmr/m/n/10 , Mo-hamed E Nasr, El-sayed A 
Sal-lam, FE Abd El-Samie,\Efficient
 []


Overfull \hbox (9.52542pt too wide) in paragraph at lines 446--447
\OT1/cmr/m/n/10 Trans-mis-sion of 1D and 2D Chaotic Map En-crypted Im-ages with
 Or-thog-o-nal Fre-quency
 []


Underfull \hbox (badness 10000) in paragraph at lines 446--447

 []


Overfull \hbox (13.4443pt too wide) in paragraph at lines 453--455
\OT1/cmr/m/n/10 Ef-fect of One-bit Com-pressed Sens-ing on Au-dio Com-pres-sion
 for Dig-i-tal Com-mu-ni-ca-tion
 []


Underfull \hbox (badness 10000) in paragraph at lines 453--455

 []


Overfull \hbox (22.01724pt too wide) in paragraph at lines 456--457
[]\OT1/cmr/bx/n/10 Hossam M. Kasem\OT1/cmr/m/n/10 , Os-amu Muta, Maha Elsabrout
y and Hi-roshi Frukawa,\Performance
 []


Underfull \hbox (badness 10000) in paragraph at lines 456--457

 []


Overfull \hbox (36.35065pt too wide) in paragraph at lines 458--459
[]\OT1/cmr/bx/n/10 Hossam M. Kasem\OT1/cmr/m/n/10 , Os-amu Muta, Maha Elsabrout
y and Hi-roshi Frukawa,\Cyclostationary
 []

[3]
Underfull \hbox (badness 10000) in paragraph at lines 514--520

 []


Underfull \hbox (badness 10000) in paragraph at lines 525--526

 []


Overfull \hbox (6.79097pt too wide) in paragraph at lines 527--528
[]\OT1/cmr/bx/n/10 Microprocessor In-ter-fac-ing . \OT1/cmr/m/n/10 Course, Fac-
ulty of En-gi-neer-ing, Higher Tech-no-log-i-cal
 []


Underfull \hbox (badness 10000) in paragraph at lines 527--528

 []


Overfull \hbox (24.62422pt too wide) in paragraph at lines 529--530
[]\OT1/cmr/bx/n/10 Introduction to mi-cro-pro-ces-sor. \OT1/cmr/m/n/10 Course, 
Fac-ulty of En-gi-neer-ing, Higher Tech-no-log-i-cal
 []


Underfull \hbox (badness 10000) in paragraph at lines 529--530

 []


Underfull \hbox (badness 10000) in paragraph at lines 531--532

 []


Underfull \hbox (badness 10000) in paragraph at lines 533--534

 []


Overfull \hbox (14.85057pt too wide) in paragraph at lines 535--536
[]\OT1/cmr/bx/n/10 Computer and Net-work Se-cu-rity. \OT1/cmr/m/n/10 Course, Fa
c-ulty of En-gi-neer-ing, Tanta Uni-ver-sity.
 []


Underfull \hbox (badness 10000) in paragraph at lines 535--536

 []


Underfull \hbox (badness 10000) in paragraph at lines 538--539

 []


Underfull \hbox (badness 10000) in paragraph at lines 541--542

 []


Underfull \hbox (badness 10000) in paragraph at lines 543--544

 []


Underfull \hbox (badness 10000) in paragraph at lines 545--546

 []


Underfull \hbox (badness 10000) in paragraph at lines 550--551

 []


Underfull \hbox (badness 10000) in paragraph at lines 553--554

 []


Underfull \hbox (badness 10000) in paragraph at lines 555--556

 []


Underfull \hbox (badness 10000) in paragraph at lines 557--558

 []


Underfull \hbox (badness 10000) in paragraph at lines 560--561

 []


Underfull \hbox (badness 10000) in paragraph at lines 562--563

 []


Underfull \hbox (badness 10000) in paragraph at lines 565--566

 []

[4]
Underfull \hbox (badness 10000) in paragraph at lines 567--568

 []


Overfull \hbox (14.85057pt too wide) in paragraph at lines 569--570
[]\OT1/cmr/bx/n/10 Computer and Net-work Se-cu-rity. \OT1/cmr/m/n/10 Course, Fa
c-ulty of En-gi-neer-ing, Tanta Uni-ver-sity.
 []


Underfull \hbox (badness 10000) in paragraph at lines 569--570

 []


Underfull \hbox (badness 10000) in paragraph at lines 578--579

 []


Underfull \hbox (badness 10000) in paragraph at lines 580--581

 []


Underfull \hbox (badness 10000) in paragraph at lines 583--584

 []


Underfull \hbox (badness 10000) in paragraph at lines 585--586

 []


Underfull \hbox (badness 10000) in paragraph at lines 587--588

 []


Overfull \hbox (7.47209pt too wide) in paragraph at lines 620--624
\OT1/cmr/m/n/10 Team Player with Lead-er-ship, Con-flict Man-age-ment, and Prob
-lem Solv-ing Ca-pa-bil-i-ties 
 []


AED: lastpage setting LastPage
[5]
Package atveryend Info: Empty hook `BeforeClearDocument' on input line 638.
Package atveryend Info: Empty hook `AfterLastShipout' on input line 638.
 ("F:\My Papers\2-Computer track\1-CV\Hossam_Kasem_Updated_CV.aux")
Package atveryend Info: Executing hook `AtVeryEndDocument' on input line 638.
Package atveryend Info: Executing hook `AtEndAfterFileList' on input line 638.
Package rerunfilecheck Info: File `Hossam_Kasem_Updated_CV.out' has not changed
.
(rerunfilecheck)             Checksum: 5278D69F884EDA73A8DD84010DF40EEF;713.
Package atveryend Info: Empty hook `AtVeryVeryEnd' on input line 638.
 ) 
Here is how much of TeX's memory you used:
 5959 strings out of 494045
 88725 string characters out of 3148365
 185328 words of memory out of 3000000
 9192 multiletter control sequences out of 15000+200000
 5200 words of font info for 19 fonts, out of 3000000 for 9000
 715 hyphenation exceptions out of 8191
 29i,13n,43p,413b,472s stack positions out of 5000i,500n,10000p,200000b,50000s
<C:/Program Files/MiKTeX 2.9/fonts/type1/public/amsfonts/cm/cmbx10.pfb><C:/Pr
ogram Files/MiKTeX 2.9/fonts/type1/public/amsfonts/cm/cmbx12.pfb><C:/Program Fi
les/MiKTeX 2.9/fonts/type1/public/amsfonts/cm/cmcsc10.pfb><C:/Program Files/MiK
TeX 2.9/fonts/type1/public/amsfonts/cm/cmr10.pfb><C:/Program Files/MiKTeX 2.9/f
onts/type1/public/amsfonts/cm/cmsy10.pfb><C:/Program Files/MiKTeX 2.9/fonts/typ
e1/public/amsfonts/cm/cmti10.pfb>
Output written on Hossam_Kasem_Updated_CV.pdf (5 pages, 146595 bytes).
PDF statistics:
 131 PDF objects out of 1000 (max. 8388607)
 19 named destinations out of 1000 (max. 500000)
 110 words of extra memory for PDF output out of 10000 (max. 10000000)

